<?xml version="1.0" encoding="UTF-8"?>
<testng-results ignored="0" total="1" passed="1" failed="0" skipped="0">
  <reporter-output>
  </reporter-output>
  <suite started-at="2022-11-30T17:29:37 EET" name="All Test Suite" finished-at="2022-11-30T17:29:43 EET" duration-ms="6150">
    <groups>
    </groups>
    <test started-at="2022-11-30T17:29:37 EET" name="Valid" finished-at="2022-11-30T17:29:43 EET" duration-ms="6150">
      <class name="Tests.HeadlessChrome">
        <test-method signature="HeadlessTest()[pri:0, instance:Tests.HeadlessChrome@10a9d961]" started-at="2022-11-30T17:29:37 EET" name="HeadlessTest" finished-at="2022-11-30T17:29:43 EET" duration-ms="5997" status="PASS">
          <reporter-output>
          </reporter-output>
        </test-method> <!-- HeadlessTest -->
      </class> <!-- Tests.HeadlessChrome -->
    </test> <!-- Valid -->
  </suite> <!-- All Test Suite -->
</testng-results>
